<?xml version="1.0" encoding="UTF-8"?>
<testng-results skipped="0" failed="0" ignored="0" total="0" passed="0">
  <reporter-output>
  </reporter-output>
  <suite name="monkeyuser.monkeyuser.AppTest" duration-ms="13" started-at="2021-06-02T16:21:25Z" finished-at="2021-06-02T16:21:25Z">
    <groups>
    </groups>
    <test name="Command line test" duration-ms="13" started-at="2021-06-02T16:21:25Z" finished-at="2021-06-02T16:21:25Z">
    </test> <!-- Command line test -->
  </suite> <!-- monkeyuser.monkeyuser.AppTest -->
</testng-results>
