<?xml version="1.0" encoding="UTF-8"?>
<testng-results skipped="0" failed="0" ignored="0" total="1" passed="1">
  <reporter-output>
  </reporter-output>
  <suite name="Suite" duration-ms="33902" started-at="2021-06-04T18:30:49Z" finished-at="2021-06-04T18:31:23Z">
    <groups>
    </groups>
    <test name="Moneykeyuser" duration-ms="33902" started-at="2021-06-04T18:30:49Z" finished-at="2021-06-04T18:31:23Z">
      <class name="com.moneykeyuser.testCase.TC_VerifyCheckoutPage">
        <test-method status="PASS" signature="setup(java.lang.String)[pri:0, instance:com.moneykeyuser.testCase.TC_VerifyCheckoutPage@71423665]" name="setup" is-config="true" duration-ms="17923" started-at="2021-06-04T18:30:49Z" finished-at="2021-06-04T18:31:07Z">
          <params>
            <param index="0">
              <value>
                <![CDATA[chrome]]>
              </value>
            </param>
          </params>
          <reporter-output>
          </reporter-output>
        </test-method> <!-- setup -->
        <test-method status="PASS" signature="init()[pri:0, instance:com.moneykeyuser.testCase.TC_VerifyCheckoutPage@71423665]" name="init" is-config="true" duration-ms="4011" started-at="2021-06-04T18:31:07Z" finished-at="2021-06-04T18:31:11Z">
          <reporter-output>
          </reporter-output>
        </test-method> <!-- init -->
        <test-method status="PASS" signature="json()[pri:0, instance:com.moneykeyuser.testCase.TC_VerifyCheckoutPage@71423665]" name="json" duration-ms="10941" started-at="2021-06-04T18:31:11Z" description="This method checks the checkoutpage functionality and verifies the total price with the cart page" finished-at="2021-06-04T18:31:22Z">
          <reporter-output>
          </reporter-output>
        </test-method> <!-- json -->
        <test-method status="PASS" signature="closebrowser()[pri:0, instance:com.moneykeyuser.testCase.TC_VerifyCheckoutPage@71423665]" name="closebrowser" is-config="true" duration-ms="969" started-at="2021-06-04T18:31:22Z" finished-at="2021-06-04T18:31:23Z">
          <reporter-output>
          </reporter-output>
        </test-method> <!-- closebrowser -->
      </class> <!-- com.moneykeyuser.testCase.TC_VerifyCheckoutPage -->
    </test> <!-- Moneykeyuser -->
  </suite> <!-- Suite -->
</testng-results>
